G:\DXDEVELOP\BIN\DEBUG\DXHUILIBCORE.DLL
G:\DXDEVELOP\BIN\DEBUG\DXHUILIBCORE.ILK
G:\DXDEVELOP\BIN\DEBUG\DXHUILIBCORE.PDB
G:\DXDevelop\lib\DXHUILibCored.exp
G:\DXDevelop\lib\DXHUILibCored.lib
G:\DXDevelop\Temp\DXHUILibCoreDebug\cl.command.1.tlog
G:\DXDevelop\Temp\DXHUILibCoreDebug\CL.read.1.tlog
G:\DXDevelop\Temp\DXHUILibCoreDebug\CL.write.1.tlog
G:\DXDEVELOP\TEMP\DXHUILIBCOREDEBUG\DLLMAIN.OBJ
G:\DXDEVELOP\TEMP\DXHUILIBCOREDEBUG\DXHUILIBCORE.DLL.EMBED.MANIFEST
G:\DXDEVELOP\TEMP\DXHUILIBCOREDEBUG\DXHUILIBCORE.DLL.EMBED.MANIFEST.RES
G:\DXDEVELOP\TEMP\DXHUILIBCOREDEBUG\DXHUILIBCORE.DLL.INTERMEDIATE.MANIFEST
G:\DXDEVELOP\TEMP\DXHUILIBCOREDEBUG\DXHUILIBCORE.OBJ
G:\DXDEVELOP\TEMP\DXHUILIBCOREDEBUG\DXHUILIBCORE.PCH
G:\DXDevelop\Temp\DXHUILibCoreDebug\DXHUILibCore.write.1.tlog
G:\DXDevelop\Temp\DXHUILibCoreDebug\DXHUILibCore_manifest.rc
G:\DXDevelop\Temp\DXHUILibCoreDebug\link.5840.read.1.tlog
G:\DXDevelop\Temp\DXHUILibCoreDebug\link.5840.write.1.tlog
G:\DXDevelop\Temp\DXHUILibCoreDebug\link.5840-cvtres.read.1.tlog
G:\DXDevelop\Temp\DXHUILibCoreDebug\link.5840-cvtres.write.1.tlog
G:\DXDevelop\Temp\DXHUILibCoreDebug\link.command.1.tlog
G:\DXDevelop\Temp\DXHUILibCoreDebug\link.read.1.tlog
G:\DXDevelop\Temp\DXHUILibCoreDebug\link.write.1.tlog
G:\DXDevelop\Temp\DXHUILibCoreDebug\link-cvtres.read.1.tlog
G:\DXDevelop\Temp\DXHUILibCoreDebug\link-cvtres.write.1.tlog
G:\DXDevelop\Temp\DXHUILibCoreDebug\mt.command.1.tlog
G:\DXDevelop\Temp\DXHUILibCoreDebug\mt.read.1.tlog
G:\DXDevelop\Temp\DXHUILibCoreDebug\mt.write.1.tlog
G:\DXDevelop\Temp\DXHUILibCoreDebug\rc.command.1.tlog
G:\DXDevelop\Temp\DXHUILibCoreDebug\rc.read.1.tlog
G:\DXDevelop\Temp\DXHUILibCoreDebug\rc.write.1.tlog
G:\DXDEVELOP\TEMP\DXHUILIBCOREDEBUG\STDAFX.OBJ
G:\DXDevelop\Temp\DXHUILibCoreDebug\vc100.idb
G:\DXDEVELOP\TEMP\DXHUILIBCOREDEBUG\VC100.PDB
G:\DXDevelop\TestProject\..\Bin\Debug\DXHUILibCore.dll
G:\DXDevelop\TestProject\..\Bin\Debug\DXHUILibCore.ilk
G:\DXDevelop\TestProject\..\Bin\Debug\DXHUILibCore.pdb
