生成启动时间为 2014/10/15 09:31:41。
     1>项目“G:\DXDevelop\DXHUILibCore\DXHUILibCore.vcxproj”在节点 2 上(build 个目标)。
     1>InitializeBuildStatus:
         正在创建“G:\DXDevelop\TestProject\..\Temp\DXHUILibCoreDebug\DXHUILibCore.unsuccessfulbuild”，因为已指定“AlwaysCreate”。
       ClCompile:
         所有输出均为最新。
         所有输出均为最新。
         D:\Program Files (x86)\Microsoft Visual Studio 10.0\VC\bin\CL.exe /c /ZI /nologo /W3 /WX- /Od /Oy- /D WIN32 /D _DEBUG /D _WINDOWS /D _USRDLL /D DXHUILIBCORE_EXPORTS /D _WINDLL /D _UNICODE /D UNICODE /Gm /EHsc /RTC1 /MDd /GS /fp:precise /Zc:wchar_t /Zc:forScope /Yu"StdAfx.h" /Fp"G:\DXDevelop\TestProject\..\Temp\DXHUILibCoreDebug\DXHUILibCore.pch" /Fo"G:\DXDevelop\TestProject\..\Temp\DXHUILibCoreDebug\\" /Fd"G:\DXDevelop\TestProject\..\Temp\DXHUILibCoreDebug\vc100.pdb" /Gd /TP /analyze- /errorReport:prompt DXHUILibCore.cpp
         DXHUILibCore.cpp
       ManifestResourceCompile:
         所有输出均为最新。
       Link:
         D:\Program Files (x86)\Microsoft Visual Studio 10.0\VC\bin\link.exe /ERRORREPORT:PROMPT /OUT:"G:\DXDevelop\TestProject\..\Bin\Debug\DXHUILibCore.dll" /INCREMENTAL /NOLOGO kernel32.lib user32.lib gdi32.lib winspool.lib comdlg32.lib advapi32.lib shell32.lib ole32.lib oleaut32.lib uuid.lib odbc32.lib odbccp32.lib /DEF:"LibCore.def" /MANIFEST /ManifestFile:"G:\DXDevelop\TestProject\..\Temp\DXHUILibCoreDebug\DXHUILibCore.dll.intermediate.manifest" /MANIFESTUAC:"level='asInvoker' uiAccess='false'" /DEBUG /PDB:"G:\DXDevelop\Bin\Debug\DXHUILibCore.pdb" /SUBSYSTEM:WINDOWS /TLBID:1 /DYNAMICBASE /NXCOMPAT /IMPLIB:"G:\DXDevelop\TestProject\..\lib\DXHUILibCored.lib" /MACHINE:X86 /DLL G:\DXDevelop\TestProject\..\Temp\DXHUILibCoreDebug\DXHUILibCore.dll.embed.manifest.res
         G:\DXDevelop\TestProject\..\Temp\DXHUILibCoreDebug\dllmain.obj
         G:\DXDevelop\TestProject\..\Temp\DXHUILibCoreDebug\DXHUILibCore.obj
         G:\DXDevelop\TestProject\..\Temp\DXHUILibCoreDebug\stdafx.obj
       Manifest:
         D:\Program Files (x86)\Microsoft SDKs\Windows\v7.0A\bin\mt.exe /nologo /verbose /out:"G:\DXDevelop\TestProject\..\Temp\DXHUILibCoreDebug\DXHUILibCore.dll.embed.manifest" /manifest G:\DXDevelop\TestProject\..\Temp\DXHUILibCoreDebug\DXHUILibCore.dll.intermediate.manifest
         所有输出均为最新。
       LinkEmbedManifest:
         所有输出均为最新。
         DXHUILibCore.vcxproj -> G:\DXDevelop\TestProject\..\Bin\Debug\DXHUILibCore.dll
       FinalizeBuildStatus:
         正在删除文件“G:\DXDevelop\TestProject\..\Temp\DXHUILibCoreDebug\DXHUILibCore.unsuccessfulbuild”。
         正在对“G:\DXDevelop\TestProject\..\Temp\DXHUILibCoreDebug\DXHUILibCore.lastbuildstate”执行 Touch 任务。
     1>已完成生成项目“G:\DXDevelop\DXHUILibCore\DXHUILibCore.vcxproj”(build 个目标)的操作。

生成成功。

已用时间 00:00:06.90
