G:\DXDEVELOP\BIN\DEBUG\DXHUI.DLL
G:\DXDEVELOP\BIN\DEBUG\DXHUI.ILK
G:\DXDEVELOP\BIN\DEBUG\DXHUI.PDB
G:\DXDevelop\lib\DXHUId.exp
G:\DXDevelop\lib\DXHUId.lib
G:\DXDEVELOP\TEMP\DXHUIDEBUG\BASECONTROL.OBJ
G:\DXDevelop\Temp\DXHUIDebug\cl.command.1.tlog
G:\DXDevelop\Temp\DXHUIDebug\CL.read.1.tlog
G:\DXDevelop\Temp\DXHUIDebug\CL.write.1.tlog
G:\DXDEVELOP\TEMP\DXHUIDEBUG\DLLMAIN.OBJ
G:\DXDEVELOP\TEMP\DXHUIDEBUG\DXHUI.DLL.EMBED.MANIFEST
G:\DXDEVELOP\TEMP\DXHUIDEBUG\DXHUI.DLL.EMBED.MANIFEST.RES
G:\DXDEVELOP\TEMP\DXHUIDEBUG\DXHUI.DLL.INTERMEDIATE.MANIFEST
G:\DXDEVELOP\TEMP\DXHUIDEBUG\DXHUI.OBJ
G:\DXDEVELOP\TEMP\DXHUIDEBUG\DXHUI.PCH
G:\DXDEVELOP\TEMP\DXHUIDEBUG\DXHUI.RES
G:\DXDevelop\Temp\DXHUIDebug\DXHUI.vcxprojResolveAssemblyReference.cache
G:\DXDevelop\Temp\DXHUIDebug\DXHUI.write.1.tlog
G:\DXDevelop\Temp\DXHUIDebug\DXHUI_manifest.rc
G:\DXDEVELOP\TEMP\DXHUIDEBUG\DXHUIMAINWND.OBJ
G:\DXDEVELOP\TEMP\DXHUIDEBUG\DXUT.OBJ
G:\DXDEVELOP\TEMP\DXHUIDEBUG\DXUTCAMERA.OBJ
G:\DXDEVELOP\TEMP\DXHUIDEBUG\DXUTENUM.OBJ
G:\DXDEVELOP\TEMP\DXHUIDEBUG\DXUTGUI.OBJ
G:\DXDEVELOP\TEMP\DXHUIDEBUG\DXUTGUIIME.OBJ
G:\DXDEVELOP\TEMP\DXHUIDEBUG\DXUTMISC.OBJ
G:\DXDEVELOP\TEMP\DXHUIDEBUG\DXUTRES.OBJ
G:\DXDEVELOP\TEMP\DXHUIDEBUG\DXUTSETTINGSDLG.OBJ
G:\DXDEVELOP\TEMP\DXHUIDEBUG\DXUTSHAPES.OBJ
G:\DXDEVELOP\TEMP\DXHUIDEBUG\IMEUI.OBJ
G:\DXDevelop\Temp\DXHUIDebug\link.command.1.tlog
G:\DXDevelop\Temp\DXHUIDebug\link.read.1.tlog
G:\DXDevelop\Temp\DXHUIDebug\link.write.1.tlog
G:\DXDevelop\Temp\DXHUIDebug\link-cvtres.read.1.tlog
G:\DXDevelop\Temp\DXHUIDebug\link-cvtres.write.1.tlog
G:\DXDevelop\Temp\DXHUIDebug\mt.command.1.tlog
G:\DXDevelop\Temp\DXHUIDebug\mt.read.1.tlog
G:\DXDevelop\Temp\DXHUIDebug\mt.write.1.tlog
G:\DXDevelop\Temp\DXHUIDebug\rc.command.1.tlog
G:\DXDevelop\Temp\DXHUIDebug\rc.read.1.tlog
G:\DXDevelop\Temp\DXHUIDebug\rc.write.1.tlog
G:\DXDEVELOP\TEMP\DXHUIDEBUG\SDKMESH.OBJ
G:\DXDEVELOP\TEMP\DXHUIDEBUG\SDKMISC.OBJ
G:\DXDEVELOP\TEMP\DXHUIDEBUG\SDKSOUND.OBJ
G:\DXDEVELOP\TEMP\DXHUIDEBUG\SDKWAVEFILE.OBJ
G:\DXDEVELOP\TEMP\DXHUIDEBUG\STDAFX.OBJ
G:\DXDevelop\Temp\DXHUIDebug\vc100.idb
G:\DXDEVELOP\TEMP\DXHUIDEBUG\VC100.PDB
G:\DXDevelop\TestProject\..\Bin\Debug\DXHUI.dll
G:\DXDevelop\TestProject\..\Bin\Debug\DXHUI.ilk
G:\DXDevelop\TestProject\..\Bin\Debug\DXHUI.pdb
